This is pdfTeX, Version 3.14159-14f-released-20000525 (Web2C 7.3.2x) (format=pdflatex 2000.12.20)  20 JUN 2003 14:19
**NLPAPI
(./NLPAPI.tex{/.../watson.ibm.com/fs/system/local/applications/TeX/TeXLive5/tex
mf/pdftex/config/pdftex.cfg}
LaTeX2e <1999/12/01> patch level 1
Babel <v3.6Z> and hyphenation patterns for english, french, german, ngerman, du
mylang, nohyphenation, loaded.

(/.../watson.ibm.com/fs/system/local/applications/TeX/TeXLive5/texmf/tex/latex/
base/article.cls
Document Class: article 1999/09/10 v1.4a Standard LaTeX document class

(/.../watson.ibm.com/fs/system/local/applications/TeX/TeXLive5/texmf/tex/latex/
base/size12.clo
File: size12.clo 1999/09/10 v1.4a Standard LaTeX file (size option)
)
\c@part=\count79
\c@section=\count80
\c@subsection=\count81
\c@subsubsection=\count82
\c@paragraph=\count83
\c@subparagraph=\count84
\c@figure=\count85
\c@table=\count86
\abovecaptionskip=\skip41
\belowcaptionskip=\skip42
\bibindent=\dimen102
)
(/.../watson.ibm.com/fs/system/local/applications/TeX/TeXLive5/texmf/tex/latex/
graphics/graphics.sty
Package: graphics 1999/02/16 v1.0l Standard LaTeX Graphics (DPC,SPQR)

(/.../watson.ibm.com/fs/system/local/applications/TeX/TeXLive5/texmf/tex/latex/
graphics/trig.sty
Package: trig 1999/03/16 v1.09 sin cos tan (DPC)
)
(/.../watson.ibm.com/fs/system/local/applications/TeX/TeXLive5/texmf/tex/latex/
texlive/graphics.cfg)
Package graphics Info: Driver file: pdftex.def on input line 80.

(/.../watson.ibm.com/fs/system/local/applications/TeX/TeXLive5/texmf/tex/latex/
graphics/pdftex.def
File: pdftex.def 2000/05/31 v0.02v graphics/color for pdftex
\Gread@gobject=\count87
))
\c@Definition=\count88
\c@Lemma=\count89
 (./NLPAPI.aux)
\openout1 = `NLPAPI.aux'.

LaTeX Font Info:    Checking defaults for OML/cmm/m/it on input line 36.
LaTeX Font Info:    ... okay on input line 36.
LaTeX Font Info:    Checking defaults for T1/cmr/m/n on input line 36.
LaTeX Font Info:    ... okay on input line 36.
LaTeX Font Info:    Checking defaults for OT1/cmr/m/n on input line 36.
LaTeX Font Info:    ... okay on input line 36.
LaTeX Font Info:    Checking defaults for OMS/cmsy/m/n on input line 36.
LaTeX Font Info:    ... okay on input line 36.
LaTeX Font Info:    Checking defaults for OMX/cmex/m/n on input line 36.
LaTeX Font Info:    ... okay on input line 36.
LaTeX Font Info:    Checking defaults for U/cmr/m/n on input line 36.
LaTeX Font Info:    ... okay on input line 36.

(/.../watson.ibm.com/fs/system/local/applications/TeX/TeXLive5/texmf/tex/contex
t/base/supp-pdf.tex
(/.../watson.ibm.com/fs/system/local/applications/TeX/TeXLive5/texmf/tex/contex
t/base/supp-mis.tex
loading : Context Support Macros / Missing
\protectiondepth=\count90
\scratchcounter=\count91
\scratchdimen=\dimen103
\scratchskip=\skip43
\scratchmuskip=\muskip10
\scratchbox=\box26
\scratchread=\read1
\scratchwrite=\write3
\nextbox=\box27
\nextdepth=\dimen104
\everyline=\toks14
\!!counta=\count92
\!!countb=\count93
\recursecounter=\count94
)
loading : Context Support Macros / PDF
\nofMPsegments=\count95
\nofMParguments=\count96
)
LaTeX Font Info:    External font `cmex10' loaded for size
(Font)              <14.4> on input line 38.
LaTeX Font Info:    External font `cmex10' loaded for size
(Font)              <7> on input line 38.
LaTeX Font Info:    External font `cmex10' loaded for size
(Font)              <12> on input line 44.
LaTeX Font Info:    External font `cmex10' loaded for size
(Font)              <8> on input line 44.
LaTeX Font Info:    External font `cmex10' loaded for size
(Font)              <6> on input line 44.
 [1

{/.../watson.ibm.com/fs/system/local/applications/TeX/TeXLive5/texmf/pdftex/con
fig/psfonts.map}{/.../watson.ibm.com/fs/system/local/applications/TeX/TeXLive5/
texmf/pdftex/config/lw35.map}{/.../watson.ibm.com/fs/system/local/applications/
TeX/TeXLive5/texmf/pdftex/config/rawfonts.map}{/.../watson.ibm.com/fs/system/lo
cal/applications/TeX/TeXLive5/texmf/dvips/cspsfonts/csfontd.mapfile}]
[2] [3] [4] [5] [6] [7]
Overfull \hbox (5.9214pt too wide) in paragraph at lines 301--304
/cmr12/added with the /cmtt12/NLPAdd-Equality-Constraint /cmr12/or /cmtt12/NLPA
dd-Equality-Constraint-
 []

[8] [9] [10] [11] [12]
Overfull \hbox (5.2002pt too wide) in paragraph at lines 508--508
[]                                         /cmtt12/"s","sin(s)*cos(2*s)");[] 
 []

[13] [14]
Overfull \hbox (5.2002pt too wide) in paragraph at lines 577--577
[]     /cmtt12/NLPAddNonlinearElementToEqualityConstraintGroup(P,c,g,w,N):[] 
 []


Overfull \hbox (17.5502pt too wide) in paragraph at lines 577--577
[]     /cmtt12/NLPAddNonlinearElementToInequalityConstraintGroup(P,c,g,w,N):[] 

 []


Overfull \hbox (2.6168pt too wide) in paragraph at lines 580--582
[]/cmr12/Each "NL-Cre-ateEle-ment-Func-tion..." and "NL-Cre-at-eNon-lin-earEle-
ment..."
 []


Overfull \hbox (4.47513pt too wide) in paragraph at lines 580--582
/cmr12/should be paired with a "NL-FreeEle-ment-Func-tion" and "NL-FreeNon-lin-
earEle-
 []

[15] [16]
Overfull \hbox (5.2002pt too wide) in paragraph at lines 657--657
[]      /cmtt12/NLFreeProblem(...);                ref count = 0 DELETE g![] 
 []

[17] [18] [19] [20]
Overfull \hbox (1.49384pt too wide) in paragraph at lines 796--802
/cmr12/the ar-gu-ment and eval-u-ate the deriva-tives. We need one /cmtt12/LNEl
ement-Function/cmr12/,
 []

[21]
Overfull \hbox (36.07521pt too wide) in paragraph at lines 843--843
[]  /cmtt12/f=NLCreateElementFunction(P,"fSq",1,NULL,fSq,dfSq,ddfSq,NULL,NULL);
[] 
 []

[22] [23] [24]
Overfull \hbox (11.3752pt too wide) in paragraph at lines 960--960
[]           /cmtt12/NLGetErrorLine(i),NLGetErrorFile(i),NLGetErrorSev(i));[] 
 []

[25]

LaTeX Warning: Reference `Subroutine:NLRefProblem' on page 26 undefined on inpu
t line 992.


LaTeX Warning: Reference `Subroutine:NLPrintProblemShort' on page 26 undefined 
on input line 996.


LaTeX Warning: Reference `Subroutine:NLPConvertToEqualityAndBoundsOnly' on page
 26 undefined on input line 1012.


LaTeX Warning: Reference `Subroutine:NLCopyProblem' on page 26 undefined on inp
ut line 1013.


LaTeX Warning: Reference `Subroutine:NLCreateAugmentedLagrangian' on page 26 un
defined on input line 1014.


LaTeX Warning: Reference `Subroutine:NLSetLambaAndMuInAugmentedLagrangian' on p
age 26 undefined on input line 1015.


LaTeX Warning: Reference `Subroutine:NLEliminateFixedVariables' on page 26 unde
fined on input line 1016.

[26]

LaTeX Warning: Reference `Subroutine:NLPSetObjective' on page 27 undefined on i
nput line 1025.


LaTeX Warning: Reference `Subroutine:NLPSetObjectiveByString' on page 27 undefi
ned on input line 1026.


LaTeX Warning: Reference `Subroutine:NLPAddEqualityConstraint' on page 27 undef
ined on input line 1047.


LaTeX Warning: Reference `Subroutine:NLPAddEqualityConstraintByString' on page 
27 undefined on input line 1048.


LaTeX Warning: Reference `Subroutine:NLPAddInequalityConstraint' on page 27 und
efined on input line 1069.


LaTeX Warning: Reference `Subroutine:NLPAddInequalityConstraintByString' on pag
e 27 undefined on input line 1070.

[27]

LaTeX Warning: Reference `Subroutine:NLPrintVector' on page 28 undefined on inp
ut line 1148.


LaTeX Warning: Reference `Subroutine:NLCopyVector' on page 28 undefined on inpu
t line 1154.


LaTeX Warning: Reference `Subroutine:NLVSetToZero' on page 28 undefined on inpu
t line 1155.


LaTeX Warning: Reference `Subroutine:NLVInnerProd' on page 28 undefined on inpu
t line 1157.


LaTeX Warning: Reference `Subroutine:NLVPlusV' on page 28 undefined on input li
ne 1158.


LaTeX Warning: Reference `Subroutine:NLNegateVector' on page 28 undefined on in
put line 1159.


LaTeX Warning: Reference `Subroutine:NLVSparse' on page 28 undefined on input l
ine 1161.


LaTeX Warning: Reference `Subroutine:NLVnNonZeros' on page 28 undefined on inpu
t line 1162.


LaTeX Warning: Reference `Subroutine:NLVnonZero' on page 28 undefined on input 
line 1163.


LaTeX Warning: Reference `Subroutine:NLVWrapped' on page 28 undefined on input 
line 1168.


LaTeX Warning: Reference `Subroutine:NLVData' on page 28 undefined on input lin
e 1169.

[28]

LaTeX Warning: Reference `Subroutine:NLCreateWSMPSparseMatrix' on page 29 undef
ined on input line 1181.


LaTeX Warning: Reference `Subroutine:NLCreateDenseWrappedMatrix' on page 29 und
efined on input line 1182.


LaTeX Warning: Reference `Subroutine:NLMatrixDoubleProduct' on page 29 undefine
d on input line 1192.


LaTeX Warning: Reference `Subroutine:NLMVMult' on page 29 undefined on input li
ne 1193.


LaTeX Warning: Reference `Subroutine:NLMVMultT' on page 29 undefined on input l
ine 1194.


LaTeX Warning: Reference `Subroutine:NLMSetToZero' on page 29 undefined on inpu
t line 1195.


LaTeX Warning: Reference `Subroutine:NLMatrixClone' on page 29 undefined on inp
ut line 1196.


LaTeX Warning: Reference `Subroutine:NLGetGershgorinBounds' on page 29 undefine
d on input line 1197.


LaTeX Warning: Reference `Subroutine:NLMatrixOneNorm' on page 29 undefined on i
nput line 1198.


LaTeX Warning: Reference `Subroutine:NLMSumSubMatrixInto' on page 29 undefined 
on input line 1199.


LaTeX Warning: Reference `Subroutine:NLMSumRankOneInto' on page 29 undefined on
 input line 1200.


LaTeX Warning: Reference `Subroutine:NLMMMMProd' on page 29 undefined on input 
line 1201.


LaTeX Warning: Reference `Subroutine:NLMSparse' on page 29 undefined on input l
ine 1203.


LaTeX Warning: Reference `Subroutine:NLMDetermineHessianSparsityStructure' on p
age 29 undefined on input line 1204.


LaTeX Warning: Reference `Subroutine:NLMPrintSparsityStructure' on page 29 unde
fined on input line 1205.


LaTeX Warning: Reference `Subroutine:NLMData' on page 29 undefined on input lin
e 1206.


LaTeX Warning: Reference `Subroutine:NLMnE' on page 29 undefined on input line 
1207.


LaTeX Warning: Reference `Subroutine:NLMRow' on page 29 undefined on input line
 1208.


LaTeX Warning: Reference `Subroutine:NLMCol' on page 29 undefined on input line
 1209.


LaTeX Warning: Reference `Subroutine:NLPrintMatrix' on page 29 undefined on inp
ut line 1211.

[29]

LaTeX Warning: Reference `Subroutine:NLCreateGroupFunctionByString' on page 30 
undefined on input line 1219.

[30]

LaTeX Warning: Reference `Subroutine:NLCreateElementFunctionByString' on page 3
1 undefined on input line 1234.


LaTeX Warning: Reference `Subroutine:NLPrintNonlinearElement' on page 31 undefi
ned on input line 1264.


LaTeX Warning: Reference `Subroutine:NLPrintGroup' on page 31 undefined on inpu
t line 1288.


LaTeX Warning: Reference `Subroutine:NLPrintGroupShort' on page 31 undefined on
 input line 1289.

[31]

LaTeX Warning: Reference `Subroutine:NLPrintElement' on page 32 undefined on in
put line 1321.

[32] [33] [34] [35] (./reference.tex [36] [37]
Overfull \hbox (18.44028pt too wide) in paragraph at lines 41--44
[]/cmr12/NLElementFunction NL-Cre-ateEle-ment-Func-tion(NLProblem P,char *type,
int
 []


Overfull \hbox (55.87177pt too wide) in paragraph at lines 41--44
/cmr12/n,NLMatrix R,double (*f)(int,double*,void*),double (*df)(int,int,double*
,void*),double
 []


Underfull \hbox (badness 1571) in paragraph at lines 56--56
[]/cmr12/A pointer to user spe-cific data
 []


Underfull \hbox (badness 1642) in paragraph at lines 57--57
[]/cmr12/A pointer to a rou-tine to free
 []


Underfull \hbox (badness 10000) in paragraph at lines 57--57
/cmr12/user spe-cific data, or (void
 []


Underfull \hbox (badness 1325) in paragraph at lines 57--57
/cmr12/(*)(void*)NULL). Will be called
 []


Underfull \hbox (badness 7081) in paragraph at lines 57--57
/cmr12/when the el-e-ment func-tion is
 []


Overfull \hbox (57.85007pt too wide) in paragraph at lines 47--59
[][] 
 []

[38]
Overfull \hbox (27.16878pt too wide) in paragraph at lines 67--73
/cmr12/the count goes to zero. Ref-er-ences may be added us-ing the /cmtt12/NLR
efElementFunction
 []


Overfull \hbox (36.47458pt too wide) in paragraph at lines 77--82
[] 
 []

[39]
Underfull \hbox (badness 1571) in paragraph at lines 108--108
[]/cmr12/A pointer to user spe-cific data
 []


Underfull \hbox (badness 1642) in paragraph at lines 109--109
[]/cmr12/A pointer to a rou-tine to free
 []


Underfull \hbox (badness 10000) in paragraph at lines 109--109
/cmr12/user spe-cific data, or (void
 []


Underfull \hbox (badness 1325) in paragraph at lines 109--109
/cmr12/(*)(void*)NULL). Will be called
 []


Underfull \hbox (badness 7081) in paragraph at lines 109--109
/cmr12/when the el-e-ment func-tion is
 []


Overfull \hbox (2.07637pt too wide) in paragraph at lines 119--125
/cmr12/struc-ture should be deleted us-ing the /cmtt12/NLFree-Group-Function /c
mr12/sub-rou-tine (page
 []

[40]
Overfull \hbox (36.47458pt too wide) in paragraph at lines 129--135
[] 
 []

[41]
Overfull \hbox (36.47458pt too wide) in paragraph at lines 174--178
[] 
 []

[42]
Overfull \hbox (36.47458pt too wide) in paragraph at lines 225--232
[] 
 []

[43]
Overfull \hbox (36.47458pt too wide) in paragraph at lines 278--285
[] 
 []

[44]
Overfull \hbox (36.47458pt too wide) in paragraph at lines 334--342
[] 
 []

[45] [46]
Overfull \hbox (33.34378pt too wide) in paragraph at lines 377--383
/cmr12/the count goes to zero. Ref-er-ences may be added us-ing the /cmtt12/NLR
efNonlinearElement
 []


Overfull \hbox (36.47458pt too wide) in paragraph at lines 387--393
[] 
 []

[47]
Underfull \hbox (badness 10000) in paragraph at lines 414--414
[]/cmr12/The prob-lem name, used by
 []


Underfull \hbox (badness 1077) in paragraph at lines 415--415
[]/cmr12/The num-ber of vari-ables in the
 []


Overfull \hbox (36.47458pt too wide) in paragraph at lines 436--442
[] 
 []

[48]
Overfull \hbox (36.47458pt too wide) in paragraph at lines 488--493
[] 
 []

[49]
Overfull \hbox (36.47458pt too wide) in paragraph at lines 548--554
[] 
 []

[50] [51] [52]
Overfull \hbox (36.47458pt too wide) in paragraph at lines 613--622
[]
 []

[53]
Overfull \hbox (2.56712pt too wide) in paragraph at lines 651--657
/cmr12/The rou-tine /cmtt12/NLCreate-DenseWrappedVector /cmr12/al-lo-cates an N
LVec-tor data struc-
 []


Overfull \hbox (36.47458pt too wide) in paragraph at lines 668--673
[] 
 []

[54]
Overfull \hbox (36.47458pt too wide) in paragraph at lines 707--713
[] 
 []

[55]
Overfull \hbox (6.9807pt too wide) in paragraph at lines 743--744
/cmr12/This rou-tine re-turns the value of the deriva-tive of a el-e-ment func-
tion $d/cmmi12/f/cmr12/(/cmmi12/x/cmr12/)/cmmi12/=[]$/cmr12/. 
 []


Overfull \hbox (36.47458pt too wide) in paragraph at lines 748--755
[] 
 []

[56]
Overfull \hbox (36.47458pt too wide) in paragraph at lines 791--799
[] 
 []

[57]
Overfull \hbox (36.47458pt too wide) in paragraph at lines 833--837
[] 
 []

[58] [59]
Overfull \hbox (36.47458pt too wide) in paragraph at lines 901--905
[] 
 []

[60]
Overfull \hbox (36.47458pt too wide) in paragraph at lines 942--948
[] 
 []

[61]
Overfull \hbox (36.47458pt too wide) in paragraph at lines 980--984
[] 
 []

[62]
Overfull \hbox (36.47458pt too wide) in paragraph at lines 1019--1023
[] 
 []

[63]
Overfull \hbox (36.47458pt too wide) in paragraph at lines 1061--1066
[] 
 []

[64]
Overfull \hbox (36.47458pt too wide) in paragraph at lines 1098--1102
[] 
 []

[65]
Overfull \hbox (36.47458pt too wide) in paragraph at lines 1137--1141
[] 
 []

[66]
Overfull \hbox (36.47458pt too wide) in paragraph at lines 1175--1182
[] 
 []

[67]
Overfull \hbox (36.47458pt too wide) in paragraph at lines 1216--1222
[] 
 []

[68]
Overfull \hbox (36.47458pt too wide) in paragraph at lines 1256--1263
[] 
 []

[69]
Overfull \hbox (36.47458pt too wide) in paragraph at lines 1307--1311
[] 
 []

[70]
Overfull \hbox (36.47458pt too wide) in paragraph at lines 1346--1350
[] 
 []

[71] [72] [73] [74] [75] [76]
Overfull \hbox (36.47458pt too wide) in paragraph at lines 1525--1529
[] 
 []

[77]
Overfull \hbox (36.47458pt too wide) in paragraph at lines 1564--1568
[] 
 []

[78]
Overfull \hbox (36.47458pt too wide) in paragraph at lines 1603--1607
[] 
 []

[79]
Overfull \hbox (36.47458pt too wide) in paragraph at lines 1643--1647
[] 
 []

[80]
Overfull \hbox (116.89833pt too wide) in paragraph at lines 1674--1679
/cmr12/``Jiffy-tune Tol-er-ance''. []
 []


Overfull \hbox (36.47458pt too wide) in paragraph at lines 1680--1684
[] 
 []

[81]
Overfull \hbox (36.47458pt too wide) in paragraph at lines 1717--1721
[] 
 []

[82]
Overfull \hbox (2.75441pt too wide) in paragraph at lines 1748--1753
/cmr12/The rou-tine /cmtt12/LNGet-Linear-Solver-Method /cmr12/gets the pa-ram-e
-ter de-ter-min-ing what
 []


Overfull \hbox (9.15019pt too wide) in paragraph at lines 1783--1783
[] /cmtt12/GILL-MURRAY-PONCELEON-SAUNDERS-PRECONDITIONED-CG-SOLVER-USED 
 []

[83]
Overfull \hbox (36.47458pt too wide) in paragraph at lines 1831--1835
[] 
 []

[84]
Overfull \hbox (36.47458pt too wide) in paragraph at lines 1869--1873
[] 
 []

[85] [86]
Overfull \hbox (36.47458pt too wide) in paragraph at lines 1936--1940
[] 
 []

[87]
Overfull \hbox (15.26764pt too wide) in paragraph at lines 1967--1970
/cmr12/The rou-tine /cmtt12/LNGet-Print-Every /cmr12/sets the pa-ram-e-ter con-
trol-ling how of-ten Lancelot
 []


Overfull \hbox (36.47458pt too wide) in paragraph at lines 1974--1978
[] 
 []

[88]
Overfull \hbox (36.47458pt too wide) in paragraph at lines 2012--2016
[] 
 []

[89]
Overfull \hbox (36.47458pt too wide) in paragraph at lines 2050--2054
[] 
 []

[90]
Overfull \hbox (36.47458pt too wide) in paragraph at lines 2088--2092
[] 
 []

[91]
Overfull \hbox (15.55795pt too wide) in paragraph at lines 2124--2127
[]/cmr12/The cor-re-spond-ing /cmtt12/SPEC.SPC /cmr12/file en-tries are /cmtt12
/EXACT-CAUCHY-POINT-REQUIRED
 []


Underfull \hbox (badness 10000) in paragraph at lines 2124--2127

 []


Overfull \hbox (36.47458pt too wide) in paragraph at lines 2131--2135
[] 
 []

[92]
Overfull \hbox (36.47458pt too wide) in paragraph at lines 2169--2173
[] 
 []

[93]
Overfull \hbox (36.47458pt too wide) in paragraph at lines 2218--2222
[] 
 []

[94]
Overfull \hbox (36.47458pt too wide) in paragraph at lines 2258--2262
[] 
 []

[95]
Overfull \hbox (36.47458pt too wide) in paragraph at lines 2304--2308
[] 
 []

[96]
Overfull \hbox (36.47458pt too wide) in paragraph at lines 2342--2346
[] 
 []

[97]
Overfull \hbox (36.47458pt too wide) in paragraph at lines 2387--2391
[] 
 []

[98]
Overfull \hbox (27.6995pt too wide) in paragraph at lines 2418--2424
/cmtt12/SPEC.SPC /cmr12/en-try this gets is the log-i-cal neg-a-tive of /cmtt12
/FINITE-DIFFERENCE-GRADIENTS/cmr12/. 
 []


Overfull \hbox (36.47458pt too wide) in paragraph at lines 2428--2432
[] 
 []

[99]
Overfull \hbox (36.47458pt too wide) in paragraph at lines 2469--2473
[] 
 []

[100]
Overfull \hbox (36.47458pt too wide) in paragraph at lines 2510--2518
[] 
 []

[101]
Overfull \hbox (36.47458pt too wide) in paragraph at lines 2552--2558
[] 
 []

[102]
Overfull \hbox (36.47458pt too wide) in paragraph at lines 2592--2598
[] 
 []

[103]
Overfull \hbox (36.47458pt too wide) in paragraph at lines 2633--2641
[] 
 []

[104]
Overfull \hbox (36.47458pt too wide) in paragraph at lines 2678--2686
[] 
 []

[105]
Overfull \hbox (36.47458pt too wide) in paragraph at lines 2736--2745
[] 
 []

[106] [107]
Overfull \hbox (36.47458pt too wide) in paragraph at lines 2794--2803
[] 
 []

[108] [109]
Overfull \hbox (36.47458pt too wide) in paragraph at lines 2838--2843
[] 
 []

[110]
Overfull \hbox (36.47458pt too wide) in paragraph at lines 2878--2883
[] 
 []

[111]
Overfull \hbox (36.47458pt too wide) in paragraph at lines 2919--2925
[] 
 []

[112]
Overfull \hbox (36.47458pt too wide) in paragraph at lines 2960--2965
[] 
 []

[113]
Overfull \hbox (36.47458pt too wide) in paragraph at lines 3000--3005
[] 
 []

[114]
Overfull \hbox (36.47458pt too wide) in paragraph at lines 3040--3045
[] 
 []

[115]
Overfull \hbox (36.47458pt too wide) in paragraph at lines 3085--3090
[] 
 []

[116]
Overfull \hbox (36.47458pt too wide) in paragraph at lines 3138--3143
[] 
 []

[117]
Overfull \hbox (11.24675pt too wide) in paragraph at lines 3176--3189
/cmtt12/NLPSet-Group-Function /cmr12/(page 189[]), /cmtt12/NLPSet-Inequality-Co
nstraint-Lower-Bound
 []


Overfull \hbox (17.69865pt too wide) in paragraph at lines 3176--3189
/cmr12/(page 194[]), /cmtt12/NLPSet-Inequality-Constraint-Upper-Bound /cmr12/(p
age 195[]), and /cmtt12/NLPSet-
 []


Overfull \hbox (36.47458pt too wide) in paragraph at lines 3192--3197
[] 
 []

[118]
Overfull \hbox (11.24675pt too wide) in paragraph at lines 3230--3243
/cmtt12/NLPSet-Group-Function /cmr12/(page 189[]), /cmtt12/NLPSet-Inequality-Co
nstraint-Lower-Bound
 []


Overfull \hbox (17.69865pt too wide) in paragraph at lines 3230--3243
/cmr12/(page 194[]), /cmtt12/NLPSet-Inequality-Constraint-Upper-Bound /cmr12/(p
age 195[]), and /cmtt12/NLPSet-
 []


Overfull \hbox (36.47458pt too wide) in paragraph at lines 3246--3251
[] 
 []

[119]
Underfull \hbox (badness 10000) in paragraph at lines 3278--3278
[]/cmr12/The range trans-for-ma-tion or
 []


Overfull \hbox (5.80487pt too wide) in paragraph at lines 3270--3280
[][] 
 []


Overfull \hbox (36.47458pt too wide) in paragraph at lines 3293--3299
[] 
 []

[120]
Underfull \hbox (badness 10000) in paragraph at lines 3326--3326
[]/cmr12/The range trans-for-ma-tion or
 []


Overfull \hbox (5.80487pt too wide) in paragraph at lines 3318--3328
[][] 
 []


Overfull \hbox (330.65027pt too wide) in paragraph at lines 3331--3334
/cmr12/This rou-tine adds a non-lin-ear el-e-ment to a group in the ob-jec-tive
. [] 
 []


Overfull \hbox (36.47458pt too wide) in paragraph at lines 3335--3341
[] 
 []

[121]
Overfull \hbox (8.0612pt too wide) in paragraph at lines 3359--3360
[]/cmr12/int NL-PAddNon-lin-earEle-ment-ToE-qual-i-ty-Con-straint(NLProblem P,i
nt con-
 []


Overfull \hbox (6.00041pt too wide) in paragraph at lines 3361--3368
[][] 
 []


Overfull \hbox (322.55591pt too wide) in paragraph at lines 3371--3374
/cmr12/This rou-tine adds a non-lin-ear el-e-ment to an equal-ity con-straint. 
[] 
 []


Overfull \hbox (36.47458pt too wide) in paragraph at lines 3375--3381
[] 
 []

[122]
Overfull \hbox (16.05556pt too wide) in paragraph at lines 3399--3400
[]/cmr12/int NL-PAddNon-lin-earEle-ment-ToInequal-i-ty-Con-straint(NLProblem P,
int con-
 []


Overfull \hbox (6.00041pt too wide) in paragraph at lines 3401--3408
[][] 
 []


Overfull \hbox (332.34747pt too wide) in paragraph at lines 3411--3414
/cmr12/This rou-tine adds a non-lin-ear el-e-ment to an in-equal-ity con-strain
t. [] 
 []


Overfull \hbox (36.47458pt too wide) in paragraph at lines 3415--3421
[] 
 []

[123]
Overfull \hbox (7.89175pt too wide) in paragraph at lines 3442--3443
[]/cmr12/int NL-PAddNon-lin-earEle-ment-ToM-in-Max-Con-straint(NLProblem P,int 
con-
 []


Overfull \hbox (6.00041pt too wide) in paragraph at lines 3444--3451
[][] 
 []


Overfull \hbox (316.68097pt too wide) in paragraph at lines 3454--3457
/cmr12/This rou-tine adds a non-lin-ear el-e-ment to a min-max con-straint. [] 

 []


Overfull \hbox (36.47458pt too wide) in paragraph at lines 3458--3464
[] 
 []

[124]
Overfull \hbox (36.47458pt too wide) in paragraph at lines 3505--3510
[] 
 []

[125]
Overfull \hbox (11.24675pt too wide) in paragraph at lines 3541--3554
/cmtt12/NLPSet-Group-Function /cmr12/(page 189[]), /cmtt12/NLPSet-Inequality-Co
nstraint-Lower-Bound
 []


Overfull \hbox (17.69865pt too wide) in paragraph at lines 3541--3554
/cmr12/(page 194[]), /cmtt12/NLPSet-Inequality-Constraint-Upper-Bound /cmr12/(p
age 195[]), and /cmtt12/NLPSet-
 []


Overfull \hbox (36.47458pt too wide) in paragraph at lines 3557--3562
[] 
 []

[126]
Overfull \hbox (36.47458pt too wide) in paragraph at lines 3597--3602
[] 
 []

[127]
Overfull \hbox (36.47458pt too wide) in paragraph at lines 3638--3644
[] 
 []

[128]
Overfull \hbox (36.47458pt too wide) in paragraph at lines 3680--3687
[] 
 []

[129]
Overfull \hbox (36.47458pt too wide) in paragraph at lines 3725--3731
[] 
 []

[130]
Overfull \hbox (36.47458pt too wide) in paragraph at lines 3768--3773
[] 
 []

[131]
Overfull \hbox (13.2753pt too wide) in paragraph at lines 3792--3798
[][] 
 []


Overfull \hbox (36.47458pt too wide) in paragraph at lines 3809--3815
[] 
 []

[132]
Overfull \hbox (36.47458pt too wide) in paragraph at lines 3851--3856
[] 
 []

[133]
Overfull \hbox (36.47458pt too wide) in paragraph at lines 3893--3899
[] 
 []

[134]
Overfull \hbox (36.47458pt too wide) in paragraph at lines 3933--3939
[] 
 []

[135]
Overfull \hbox (36.47458pt too wide) in paragraph at lines 3974--3979
[] 
 []

[136]
Overfull \hbox (36.47458pt too wide) in paragraph at lines 4020--4025
[] 
 []

[137]
Overfull \hbox (36.47458pt too wide) in paragraph at lines 4059--4064
[] 
 []

[138]
Overfull \hbox (36.47458pt too wide) in paragraph at lines 4098--4103
[] 
 []

[139]
Overfull \hbox (36.47458pt too wide) in paragraph at lines 4140--4145
[] 
 []

[140]
Overfull \hbox (36.47458pt too wide) in paragraph at lines 4181--4187
[] 
 []

[141]
Overfull \hbox (36.47458pt too wide) in paragraph at lines 4223--4228
[] 
 []

[142]
Overfull \hbox (36.47458pt too wide) in paragraph at lines 4264--4269
[] 
 []

[143]
Overfull \hbox (36.47458pt too wide) in paragraph at lines 4308--4313
[] 
 []

[144]
Overfull \hbox (36.47458pt too wide) in paragraph at lines 4348--4353
[] 
 []

[145]
Overfull \hbox (36.47458pt too wide) in paragraph at lines 4388--4393
[] 
 []

[146]
Overfull \hbox (36.47458pt too wide) in paragraph at lines 4428--4433
[] 
 []

[147]
Overfull \hbox (36.47458pt too wide) in paragraph at lines 4475--4479
[] 
 []

[148]
Overfull \hbox (36.47458pt too wide) in paragraph at lines 4514--4519
[] 
 []

[149]
Overfull \hbox (36.47458pt too wide) in paragraph at lines 4556--4561
[] 
 []

[150]
Overfull \hbox (36.47458pt too wide) in paragraph at lines 4597--4601
[] 
 []

[151]
Overfull \hbox (36.47458pt too wide) in paragraph at lines 4632--4636
[] 
 []

[152]
Overfull \hbox (36.47458pt too wide) in paragraph at lines 4668--4672
[] 
 []

[153]
Overfull \hbox (36.47458pt too wide) in paragraph at lines 4704--4708
[] 
 []

[154]
Overfull \hbox (36.47458pt too wide) in paragraph at lines 4740--4745
[] 
 []

[155]
Overfull \hbox (36.47458pt too wide) in paragraph at lines 4777--4781
[] 
 []

[156]
Overfull \hbox (36.47458pt too wide) in paragraph at lines 4812--4816
[] 
 []

[157]
Overfull \hbox (36.47458pt too wide) in paragraph at lines 4847--4851
[] 
 []

[158]
Overfull \hbox (36.47458pt too wide) in paragraph at lines 4886--4890
[] 
 []

[159]
Overfull \hbox (36.47458pt too wide) in paragraph at lines 4923--4927
[] 
 []

[160]
Overfull \hbox (36.47458pt too wide) in paragraph at lines 4960--4964
[] 
 []

[161]
Overfull \hbox (36.47458pt too wide) in paragraph at lines 4995--4999
[] 
 []

[162]
Overfull \hbox (36.47458pt too wide) in paragraph at lines 5036--5042
[] 
 []

[163]
Overfull \hbox (36.47458pt too wide) in paragraph at lines 5075--5079
[] 
 []

[164]
Overfull \hbox (0.58553pt too wide) in paragraph at lines 5106--5109
/cmr12/The rou-tine /cmtt12/NLPGetNumberOfNonlinearElements /cmr12/re-turns the
 num-ber of non-
 []


Overfull \hbox (36.47458pt too wide) in paragraph at lines 5113--5117
[] 
 []

[165]
Overfull \hbox (36.47458pt too wide) in paragraph at lines 5152--5156
[] 
 []

[166]
Overfull \hbox (36.47458pt too wide) in paragraph at lines 5190--5195
[] 
 []

[167]
Overfull \hbox (8.54091pt too wide) in paragraph at lines 5221--5224
/cmr12/This rou-tine re-turns the name of a prob-lem, which was passed to the /
cmtt12/NLCreate-
 []


Overfull \hbox (36.47458pt too wide) in paragraph at lines 5229--5233
[] 
 []

[168]
Overfull \hbox (36.47458pt too wide) in paragraph at lines 5270--5276
[] 
 []

[169]
Overfull \hbox (36.47458pt too wide) in paragraph at lines 5313--5318
[] 
 []

[170]
Overfull \hbox (36.47458pt too wide) in paragraph at lines 5360--5364
[] 
 []

[171]
Overfull \hbox (36.47458pt too wide) in paragraph at lines 5399--5404
[] 
 []

[172]
Overfull \hbox (36.47458pt too wide) in paragraph at lines 5440--5446
[] 
 []

[173]
Overfull \hbox (36.47458pt too wide) in paragraph at lines 5480--5486
[] 
 []

[174]
Overfull \hbox (36.47458pt too wide) in paragraph at lines 5522--5528
[] 
 []

[175]
Overfull \hbox (36.47458pt too wide) in paragraph at lines 5564--5570
[] 
 []

[176]
Overfull \hbox (36.47458pt too wide) in paragraph at lines 5606--5611
[] 
 []

[177]
Overfull \hbox (36.47458pt too wide) in paragraph at lines 5650--5655
[] 
 []

[178]
Overfull \hbox (36.47458pt too wide) in paragraph at lines 5690--5695
[] 
 []

[179]
Overfull \hbox (36.47458pt too wide) in paragraph at lines 5731--5737
[] 
 []

[180]
Overfull \hbox (36.47458pt too wide) in paragraph at lines 5773--5779
[] 
 []

[181]
Overfull \hbox (5.80487pt too wide) in paragraph at lines 5798--5806
[][] 
 []


Overfull \hbox (36.47458pt too wide) in paragraph at lines 5816--5823
[] 
 []

[182]
Overfull \hbox (5.80487pt too wide) in paragraph at lines 5842--5851
[][] 
 []


Overfull \hbox (36.47458pt too wide) in paragraph at lines 5865--5872
[] 
 []

[183]
Overfull \hbox (36.47458pt too wide) in paragraph at lines 5907--5913
[] 
 []

[184]
Overfull \hbox (36.47458pt too wide) in paragraph at lines 5947--5952
[] 
 []

[185]
Overfull \hbox (36.47458pt too wide) in paragraph at lines 5989--5994
[] 
 []

[186]
Overfull \hbox (36.47458pt too wide) in paragraph at lines 6029--6034
[] 
 []

[187]
Overfull \hbox (36.47458pt too wide) in paragraph at lines 6071--6076
[] 
 []

[188]
Overfull \hbox (36.47458pt too wide) in paragraph at lines 6111--6117
[] 
 []

[189]
Overfull \hbox (36.47458pt too wide) in paragraph at lines 6154--6159
[] 
 []

[190]
Overfull \hbox (36.47458pt too wide) in paragraph at lines 6193--6198
[] 
 []

[191]
Overfull \hbox (36.47458pt too wide) in paragraph at lines 6235--6240
[] 
 []

[192]
Overfull \hbox (36.47458pt too wide) in paragraph at lines 6286--6291
[] 
 []

[193]
Overfull \hbox (36.47458pt too wide) in paragraph at lines 6332--6337
[] 
 []

[194]
Overfull \hbox (36.47458pt too wide) in paragraph at lines 6378--6383
[] 
 []

[195]
Overfull \hbox (36.47458pt too wide) in paragraph at lines 6419--6423
[] 
 []

[196]
Overfull \hbox (36.47458pt too wide) in paragraph at lines 6464--6469
[] 
 []

[197]
Overfull \hbox (36.47458pt too wide) in paragraph at lines 6516--6520
[] 
 []

[198]
Overfull \hbox (36.47458pt too wide) in paragraph at lines 6556--6561
[] 
 []

[199]
Overfull \hbox (36.47458pt too wide) in paragraph at lines 6600--6605
[] 
 []

[200]
Overfull \hbox (36.47458pt too wide) in paragraph at lines 6639--6644
[] 
 []

[201]
Overfull \hbox (36.47458pt too wide) in paragraph at lines 6681--6686
[] 
 []

[202]
Overfull \hbox (319.94482pt too wide) in paragraph at lines 6714--6718
/cmr12/This rou-tine sets the group func-tion of a group in the ob-jec-tive. []

 []


Overfull \hbox (36.47458pt too wide) in paragraph at lines 6719--6725
[] 
 []

[203]
Overfull \hbox (302.0589pt too wide) in paragraph at lines 6753--6757
/cmr12/This rou-tine sets the group scale of a group in the ob-jec-tive. []
 []


Overfull \hbox (36.47458pt too wide) in paragraph at lines 6758--6763
[] 
 []

[204]
Overfull \hbox (36.47458pt too wide) in paragraph at lines 6809--6814
[] 
 []

[205]
Overfull \hbox (36.47458pt too wide) in paragraph at lines 6850--6855
[] 
 []

[206]
Overfull \hbox (36.47458pt too wide) in paragraph at lines 6896--6901
[] 
 []

[207]
Overfull \hbox (36.47458pt too wide) in paragraph at lines 6940--6947
[] 
 []

[208]
Overfull \hbox (36.47458pt too wide) in paragraph at lines 6982--6987
[] 
 []

[209]
Overfull \hbox (36.47458pt too wide) in paragraph at lines 7021--7026
[] 
 []

[210]
Overfull \hbox (36.47458pt too wide) in paragraph at lines 7064--7068
[] 
 []

[211]
Overfull \hbox (36.47458pt too wide) in paragraph at lines 7106--7112
[] 
 []

[212]
Overfull \hbox (36.47458pt too wide) in paragraph at lines 7150--7156
[] 
 []

[213]
Overfull \hbox (36.47458pt too wide) in paragraph at lines 7195--7200
[] 
 []

[214]
Overfull \hbox (36.47458pt too wide) in paragraph at lines 7237--7241
[] 
 []

[215]
Overfull \hbox (36.47458pt too wide) in paragraph at lines 7286--7291
[] 
 []

[216]
Overfull \hbox (36.47458pt too wide) in paragraph at lines 7327--7331
[] 
 []

[217]
Overfull \hbox (36.47458pt too wide) in paragraph at lines 7367--7371
[] 
 []

[218]
Overfull \hbox (36.47458pt too wide) in paragraph at lines 7407--7411
[] 
 []

[219]
Overfull \hbox (36.47458pt too wide) in paragraph at lines 7447--7451
[] 
 []

[220]
Overfull \hbox (36.47458pt too wide) in paragraph at lines 7488--7492
[] 
 []

[221]
Overfull \hbox (116.89833pt too wide) in paragraph at lines 7519--7524
/cmr12/``Jiffy-tune Tol-er-ance''. []
 []


Overfull \hbox (36.47458pt too wide) in paragraph at lines 7525--7529
[] 
 []

[222]
Overfull \hbox (1.51414pt too wide) in paragraph at lines 7558--7561
/cmr12/The rou-tine /cmtt12/LNSet-Linear-Solver-Method /cmr12/sets the pa-ram-e
-ter de-ter-min-ing what
 []


Overfull \hbox (9.15019pt too wide) in paragraph at lines 7591--7591
[] /cmtt12/GILL-MURRAY-PONCELEON-SAUNDERS-PRECONDITIONED-CG-SOLVER-USED 
 []

[223]
Overfull \hbox (36.47458pt too wide) in paragraph at lines 7639--7645
[] 
 []

[224]
Overfull \hbox (36.47458pt too wide) in paragraph at lines 7680--7684
[] 
 []

[225]
Overfull \hbox (36.47458pt too wide) in paragraph at lines 7721--7725
[] 
 []

[226]
Overfull \hbox (15.26764pt too wide) in paragraph at lines 7753--7756
/cmr12/The rou-tine /cmtt12/LNSet-Print-Every /cmr12/sets the pa-ram-e-ter con-
trol-ling how of-ten Lancelot
 []


Overfull \hbox (36.47458pt too wide) in paragraph at lines 7760--7764
[] 
 []

[227]
Overfull \hbox (36.47458pt too wide) in paragraph at lines 7799--7804
[] 
 []

[228]
Overfull \hbox (36.47458pt too wide) in paragraph at lines 7839--7843
[] 
 []

[229]
Overfull \hbox (36.47458pt too wide) in paragraph at lines 7878--7882
[] 
 []

[230]
Overfull \hbox (15.55795pt too wide) in paragraph at lines 7915--7917
[]/cmr12/The cor-re-spond-ing /cmtt12/SPEC.SPC /cmr12/file en-tries are /cmtt12
/EXACT-CAUCHY-POINT-REQUIRED
 []


Underfull \hbox (badness 10000) in paragraph at lines 7915--7917

 []


Overfull \hbox (36.47458pt too wide) in paragraph at lines 7921--7925
[] 
 []

[231]
Overfull \hbox (36.47458pt too wide) in paragraph at lines 7960--7964
[] 
 []

[232]
Overfull \hbox (36.47458pt too wide) in paragraph at lines 8010--8016
[] 
 []

[233]
Overfull \hbox (36.47458pt too wide) in paragraph at lines 8053--8057
[] 
 []

[234]
Overfull \hbox (36.47458pt too wide) in paragraph at lines 8100--8105
[] 
 []

[235]
Overfull \hbox (36.47458pt too wide) in paragraph at lines 8141--8145
[] 
 []

[236]
Overfull \hbox (36.47458pt too wide) in paragraph at lines 8187--8193
[] 
 []

[237]
Overfull \hbox (36.47458pt too wide) in paragraph at lines 8231--8235
[] 
 []

[238]
Underfull \hbox (badness 1565) in paragraph at lines 8257--8257
[]/cmr12/What to do - one of "Ex-act",
 []


Overfull \hbox (108.67749pt too wide) in paragraph at lines 8263--8269
/cmr12/sec-ond deriva-tives). The /cmtt12/SPEC.SPC /cmr12/en-try this cor-re-sp
onds to is /cmtt12/EXACT-SECOND-DERIVATIVES-USED/cmr12/. 
 []


Underfull \hbox (badness 10000) in paragraph at lines 8277--8277
[]/cmr12/"Option "%s" is in-valid, must be one of "Ex-act",
 []


Overfull \hbox (36.47458pt too wide) in paragraph at lines 8273--8279
[] 
 []

[239]
Overfull \hbox (36.47458pt too wide) in paragraph at lines 8313--8318
[] 
 []

[240]
Underfull \hbox (badness 1048) in paragraph at lines 8338--8338
[]/cmr12/The num-ber of non-zero co-or-di-
 []


Overfull \hbox (36.47458pt too wide) in paragraph at lines 8351--8355
[] 
 []

[241]
Overfull \hbox (36.47458pt too wide) in paragraph at lines 8389--8394
[] 
 []

[242]
Overfull \hbox (36.47458pt too wide) in paragraph at lines 8429--8434
[] 
 []

[243]
Underfull \hbox (badness 1048) in paragraph at lines 8454--8454
[]/cmr12/The num-ber of non-zero co-or-di-
 []


Overfull \hbox (36.47458pt too wide) in paragraph at lines 8469--8473
[] 
 []

[244]
Overfull \hbox (36.47458pt too wide) in paragraph at lines 8509--8517
[] 
 []

[245]
Overfull \hbox (36.47458pt too wide) in paragraph at lines 8553--8561
[] 
 []

[246] [247]
Overfull \hbox (36.47458pt too wide) in paragraph at lines 8635--8642
[] 
 []

[248]
Overfull \hbox (36.47458pt too wide) in paragraph at lines 8682--8689
[] 
 []

[249]
Overfull \hbox (36.47458pt too wide) in paragraph at lines 8729--8736
[] 
 []

[250]
Overfull \hbox (36.47458pt too wide) in paragraph at lines 8776--8783
[] 
 []

[251])
Overfull \hbox (36.47458pt too wide) in paragraph at lines 8814--1415
[]
 []


Underfull \hbox (badness 10000) in paragraph at lines 8814--1415

 []

[252] (./NLPAPI.aux)

LaTeX Warning: There were undefined references.

 )
(\end occurred inside a group at level 1) 
Here is how much of TeX's memory you used:
 1014 strings out of 50503
 18665 string characters out of 437957
 60810 words of memory out of 1500001
 4028 multiletter control sequences out of 10000+15000
 10114 words of font info for 36 fonts, out of 210000 for 1000
 14 hyphenation exceptions out of 1000
 22i,8n,19p,236b,301s stack positions out of 3000i,500n,3000p,200000b,5000s
</.../watson.ibm.com/fs/system/local/a
pplications/TeX/TeXLive5/texmf/fonts/type1/bluesky/cm/cmmi6.pfb></.../watson.ib
m.com/fs/system/local/applications/TeX/TeXLive5/texmf/fonts/type1/bluesky/cm/cm
r8.pfb></.../watson.ibm.com/fs/system/local/applications/TeX/TeXLive5/texmf/fon
ts/type1/bluesky/cm/cmex10.pfb></.../watson.ibm.com/fs/system/local/application
s/TeX/TeXLive5/texmf/fonts/type1/bluesky/cm/cmti12.pfb></.../watson.ibm.com/fs/
system/local/applications/TeX/TeXLive5/texmf/fonts/type1/bluesky/cm/cmsy10.pfb>
</.../watson.ibm.com/fs/system/local/applications/TeX/TeXLive5/texmf/fonts/type
1/bluesky/cm/cmmi8.pfb></.../watson.ibm.com/fs/system/local/applications/TeX/Te
XLive5/texmf/fonts/type1/bluesky/cm/cmmi12.pfb></.../watson.ibm.com/fs/system/l
ocal/applications/TeX/TeXLive5/texmf/fonts/type1/bluesky/cm/cmbx12.pfb></.../wa
tson.ibm.com/fs/system/local/applications/TeX/TeXLive5/texmf/fonts/type1/bluesk
y/cm/cmtt12.pfb></.../watson.ibm.com/fs/system/local/applications/TeX/TeXLive5/
texmf/fonts/type1/bluesky/cm/cmr12.pfb></.../watson.ibm.com/fs/system/local/app
lications/TeX/TeXLive5/texmf/fonts/type1/bluesky/cm/cmr17.pfb>
Output written on NLPAPI.pdf (252 pages, 452572 bytes).
